<?xml version="1.0" encoding="UTF-8"?>
<testsuite xmlns:xsi="http://www.w3.org/2001/XMLSchema-instance" xsi:noNamespaceSchemaLocation="https://maven.apache.org/surefire/maven-surefire-plugin/xsd/surefire-test-report.xsd" version="3.0.2" name="com.mds.jrpg.JrpgApplicationTests" time="1.588" tests="1" errors="0" skipped="0" failures="0">
  <properties>
[...]
</properties>
  <testcase name="contextLoads" classname="com.mds.jrpg.JrpgApplicationTests" time="0.34">
    <system-out><![CDATA[14:41:01.068 [main] INFO org.springframework.test.context.support.AnnotationConfigContextLoaderUtils -- Could not detect default configuration classes for test class [com.mds.jrpg.JrpgApplicationTests]: JrpgApplicationTests does not declare any static, non-private, non-final, nested classes annotated with @Configuration.
14:41:01.120 [main] INFO org.springframework.boot.test.context.SpringBootTestContextBootstrapper -- Found @SpringBootConfiguration com.mds.jrpg.JrpgApplication for test class com.mds.jrpg.JrpgApplicationTests

  .   ____          _            __ _ _
 /\\ / ___'_ __ _ _(_)_ __  __ _ \ \ \ \
( ( )\___ | '_ | '_| | '_ \/ _` | \ \ \ \
 \\/  ___)| |_)| | | | | || (_| |  ) ) ) )
  '  |____| .__|_| |_|_| |_\__, | / / / /
 =========|_|==============|___/=/_/_/_/

 :: Spring Boot ::                (v4.0.2)

2026-06-16T14:41:01.273+02:00  INFO 36037 --- [jrpg] [           main] com.mds.jrpg.JrpgApplicationTests        : Starting JrpgApplicationTests using Java 25.0.1 with PID 36037 (started by user in /Users/user/DEV/springboot/jrpg/backend)
2026-06-16T14:41:01.274+02:00  INFO 36037 --- [jrpg] [           main] com.mds.jrpg.JrpgApplicationTests        : No active profile set, falling back to 1 default profile: "default"
2026-06-16T14:41:01.536+02:00  INFO 36037 --- [jrpg] [           main] .s.d.r.c.RepositoryConfigurationDelegate : Bootstrapping Spring Data MongoDB repositories in DEFAULT mode.
2026-06-16T14:41:01.563+02:00  INFO 36037 --- [jrpg] [           main] .s.d.r.c.RepositoryConfigurationDelegate : Finished Spring Data repository scanning in 25 ms. Found 4 MongoDB repository interfaces.
2026-06-16T14:41:01.797+02:00  INFO 36037 --- [jrpg] [           main] org.mongodb.driver.client                : MongoClient with metadata {"application": {"name": "jrpg"}, "driver": {"name": "mongo-java-driver|spring-boot|sync", "version": "5.6.2"}, "os": {"type": "Darwin", "name": "Mac OS X", "architecture": "aarch64", "version": "26.5"}, "platform": "Java/Eclipse Adoptium/25.0.1+8-LTS"} created with settings MongoClientSettings{readPreference=primary, writeConcern=WriteConcern{w=null, wTimeout=null ms, journal=null}, retryWrites=true, retryReads=true, readConcern=ReadConcern{level=null}, credential=MongoCredential{mechanism=null, userName='jrpg', source='admin', password=<hidden>, mechanismProperties=<hidden>}, transportSettings=null, commandListeners=[], codecRegistry=ProvidersCodecRegistry{codecProviders=[ValueCodecProvider{}, BsonValueCodecProvider{}, DBRefCodecProvider{}, DBObjectCodecProvider{}, DocumentCodecProvider{}, CollectionCodecProvider{}, IterableCodecProvider{}, MapCodecProvider{}, GeoJsonCodecProvider{}, GridFSFileCodecProvider{}, Jsr310CodecProvider{}, JsonObjectCodecProvider{}, BsonCodecProvider{}, com.mongodb.client.model.mql.ExpressionCodecProvider@69feb4d9, com.mongodb.Jep395RecordCodecProvider@37c1cfa, com.mongodb.KotlinCodecProvider@2bcda694, EnumCodecProvider{}]}, loggerSettings=LoggerSettings{maxDocumentLength=1000}, clusterSettings={hosts=[127.0.0.1:27017], srvHost=jrpg.33fps5i.mongodb.net, srvServiceName=mongodb, mode=MULTIPLE, requiredClusterType=REPLICA_SET, requiredReplicaSetName='atlas-5x7ret-shard-0', serverSelector='null', clusterListeners='[]', serverSelectionTimeout='30000 ms', localThreshold='15 ms'}, socketSettings=SocketSettings{connectTimeoutMS=10000, readTimeoutMS=0, receiveBufferSize=0, proxySettings=ProxySettings{host=null, port=null, username=null, password=null}}, heartbeatSocketSettings=SocketSettings{connectTimeoutMS=10000, readTimeoutMS=10000, receiveBufferSize=0, proxySettings=ProxySettings{host=null, port=null, username=null, password=null}}, connectionPoolSettings=ConnectionPoolSettings{maxSize=100, minSize=0, maxWaitTimeMS=120000, maxConnectionLifeTimeMS=0, maxConnectionIdleTimeMS=0, maintenanceInitialDelayMS=0, maintenanceFrequencyMS=60000, connectionPoolListeners=[], maxConnecting=2}, serverSettings=ServerSettings{heartbeatFrequencyMS=10000, minHeartbeatFrequencyMS=500, serverMonitoringMode=AUTO, serverListeners='[]', serverMonitorListeners='[]'}, sslSettings=SslSettings{enabled=true, invalidHostNameAllowed=false, context=null}, applicationName='jrpg', compressorList=[], uuidRepresentation=UNSPECIFIED, serverApi=null, autoEncryptionSettings=null, dnsClient=null, inetAddressResolver=null, contextProvider=null, timeoutMS=null}
2026-06-16T14:41:01.821+02:00  INFO 36037 --- [jrpg] [s5i.mongodb.net] org.mongodb.driver.cluster               : Adding discovered server ac-6wsnsdn-shard-00-00.33fps5i.mongodb.net:27017 to client view of cluster
2026-06-16T14:41:01.829+02:00  INFO 36037 --- [jrpg] [s5i.mongodb.net] org.mongodb.driver.cluster               : Adding discovered server ac-6wsnsdn-shard-00-02.33fps5i.mongodb.net:27017 to client view of cluster
2026-06-16T14:41:01.830+02:00  INFO 36037 --- [jrpg] [s5i.mongodb.net] org.mongodb.driver.cluster               : Adding discovered server ac-6wsnsdn-shard-00-01.33fps5i.mongodb.net:27017 to client view of cluster
2026-06-16T14:41:02.030+02:00  WARN 36037 --- [jrpg] [           main] .s.a.UserDetailsServiceAutoConfiguration : 

Using generated security password: 8a8cbcdf-d6bc-423b-99f5-ec5c455c8fa2

This generated password is for development use only. Your security configuration must be updated before running your application in production.

2026-06-16T14:41:02.033+02:00  INFO 36037 --- [jrpg] [           main] r$InitializeUserDetailsManagerConfigurer : Global AuthenticationManager configured with UserDetailsService bean with name inMemoryUserDetailsManager
2026-06-16T14:41:02.185+02:00  INFO 36037 --- [jrpg] [ngodb.net:27017] org.mongodb.driver.cluster               : Monitor thread successfully connected to server with description ServerDescription{address=ac-6wsnsdn-shard-00-02.33fps5i.mongodb.net:27017, type=REPLICA_SET_SECONDARY, cryptd=false, state=CONNECTED, ok=true, minWireVersion=0, maxWireVersion=25, maxDocumentSize=16777216, logicalSessionTimeoutMinutes=30, roundTripTimeNanos=197277917, minRoundTripTimeNanos=0, setName='atlas-5x7ret-shard-0', canonicalAddress=ac-6wsnsdn-shard-00-02.33fps5i.mongodb.net:27017, hosts=[ac-6wsnsdn-shard-00-00.33fps5i.mongodb.net:27017, ac-6wsnsdn-shard-00-01.33fps5i.mongodb.net:27017, ac-6wsnsdn-shard-00-02.33fps5i.mongodb.net:27017], passives=[], arbiters=[], primary='ac-6wsnsdn-shard-00-01.33fps5i.mongodb.net:27017', tagSet=TagSet{[Tag{name='availabilityZone', value='euw3-az3'}, Tag{name='cacheState', value='READY'}, Tag{name='diskState', value='READY'}, Tag{name='nodeType', value='ELECTABLE'}, Tag{name='provider', value='AWS'}, Tag{name='region', value='EU_WEST_3'}, Tag{name='workloadType', value='OPERATIONAL'}]}, electionId=null, setVersion=21, topologyVersion=TopologyVersion{processId=6a2a0ebb38c76fccb49f96fc, counter=3}, lastWriteDate=Tue Jun 16 14:41:01 CEST 2026, lastUpdateTimeNanos=29002562284666}
2026-06-16T14:41:02.185+02:00  INFO 36037 --- [jrpg] [ngodb.net:27017] org.mongodb.driver.cluster               : Monitor thread successfully connected to server with description ServerDescription{address=ac-6wsnsdn-shard-00-00.33fps5i.mongodb.net:27017, type=REPLICA_SET_SECONDARY, cryptd=false, state=CONNECTED, ok=true, minWireVersion=0, maxWireVersion=25, maxDocumentSize=16777216, logicalSessionTimeoutMinutes=30, roundTripTimeNanos=197277917, minRoundTripTimeNanos=0, setName='atlas-5x7ret-shard-0', canonicalAddress=ac-6wsnsdn-shard-00-00.33fps5i.mongodb.net:27017, hosts=[ac-6wsnsdn-shard-00-00.33fps5i.mongodb.net:27017, ac-6wsnsdn-shard-00-01.33fps5i.mongodb.net:27017, ac-6wsnsdn-shard-00-02.33fps5i.mongodb.net:27017], passives=[], arbiters=[], primary='ac-6wsnsdn-shard-00-01.33fps5i.mongodb.net:27017', tagSet=TagSet{[Tag{name='availabilityZone', value='euw3-az1'}, Tag{name='cacheState', value='READY'}, Tag{name='diskState', value='READY'}, Tag{name='nodeType', value='ELECTABLE'}, Tag{name='provider', value='AWS'}, Tag{name='region', value='EU_WEST_3'}, Tag{name='workloadType', value='OPERATIONAL'}]}, electionId=null, setVersion=21, topologyVersion=TopologyVersion{processId=6a2a0dd9b667c19401d959dc, counter=4}, lastWriteDate=Tue Jun 16 14:41:01 CEST 2026, lastUpdateTimeNanos=29002562284666}
2026-06-16T14:41:02.185+02:00  INFO 36037 --- [jrpg] [ngodb.net:27017] org.mongodb.driver.cluster               : Monitor thread successfully connected to server with description ServerDescription{address=ac-6wsnsdn-shard-00-01.33fps5i.mongodb.net:27017, type=REPLICA_SET_PRIMARY, cryptd=false, state=CONNECTED, ok=true, minWireVersion=0, maxWireVersion=25, maxDocumentSize=16777216, logicalSessionTimeoutMinutes=30, roundTripTimeNanos=180201625, minRoundTripTimeNanos=0, setName='atlas-5x7ret-shard-0', canonicalAddress=ac-6wsnsdn-shard-00-01.33fps5i.mongodb.net:27017, hosts=[ac-6wsnsdn-shard-00-00.33fps5i.mongodb.net:27017, ac-6wsnsdn-shard-00-01.33fps5i.mongodb.net:27017, ac-6wsnsdn-shard-00-02.33fps5i.mongodb.net:27017], passives=[], arbiters=[], primary='ac-6wsnsdn-shard-00-01.33fps5i.mongodb.net:27017', tagSet=TagSet{[Tag{name='availabilityZone', value='euw3-az2'}, Tag{name='cacheState', value='READY'}, Tag{name='diskState', value='READY'}, Tag{name='nodeType', value='ELECTABLE'}, Tag{name='provider', value='AWS'}, Tag{name='region', value='EU_WEST_3'}, Tag{name='workloadType', value='OPERATIONAL'}]}, electionId=7fffffff0000000000000068, setVersion=21, topologyVersion=TopologyVersion{processId=6a2a0e09c5be0eb7cfe9891f, counter=6}, lastWriteDate=Tue Jun 16 14:41:01 CEST 2026, lastUpdateTimeNanos=29002562271000}
2026-06-16T14:41:02.187+02:00  INFO 36037 --- [jrpg] [ngodb.net:27017] org.mongodb.driver.cluster               : Discovered replica set primary ac-6wsnsdn-shard-00-01.33fps5i.mongodb.net:27017 with max election id 7fffffff0000000000000068 and max set version 21
2026-06-16T14:41:02.228+02:00  INFO 36037 --- [jrpg] [           main] com.mds.jrpg.JrpgApplicationTests        : Started JrpgApplicationTests in 1.049 seconds (process running for 1.516)
]]></system-out>
    <system-err><![CDATA[Mockito is currently self-attaching to enable the inline-mock-maker. This will no longer work in future releases of the JDK. Please add Mockito as an agent to your build as described in Mockito's documentation: https://javadoc.io/doc/org.mockito/mockito-core/latest/org.mockito/org/mockito/Mockito.html#0.3
WARNING: A Java agent has been loaded dynamically (/Users/user/.m2/repository/net/bytebuddy/byte-buddy-agent/1.17.8/byte-buddy-agent-1.17.8.jar)
WARNING: If a serviceability tool is in use, please run with -XX:+EnableDynamicAgentLoading to hide this warning
WARNING: If a serviceability tool is not in use, please run with -Djdk.instrument.traceUsage for more information
WARNING: Dynamic loading of agents will be disallowed by default in a future release
]]></system-err>
  </testcase>
</testsuite>